<?xml version="1.0" encoding="UTF-8"?>
<!-- Generated by org.testng.reporters.JUnitReportReporter -->
<testsuite hostname="Nikhil" failures="0" tests="1" name="com.comcast.crm.organizationtest.suite.OrganizationTest" time="12.951" errors="0" timestamp="05 Sep 2023 10:28:11 GMT" skipped="0">
  <testcase classname="com.comcast.crm.organizationtest.suite.OrganizationTest" name="createOrganizationWithPhoneTest" time="12.951"/>
</testsuite> <!-- com.comcast.crm.organizationtest.suite.OrganizationTest -->
