<?xml version="1.0" encoding="UTF-8"?>
<!-- Generated by org.testng.reporters.JUnitReportReporter -->
<testsuite hostname="Nikhil" failures="0" tests="1" name="com.comcast.crm.contacttest.CreateContactTest" time="31.112" errors="0" timestamp="08 Sep 2023 17:18:56 GMT" skipped="0">
  <testcase classname="com.comcast.crm.contacttest.CreateContactTest" name="createContactTest" time="31.112"/>
</testsuite> <!-- com.comcast.crm.contacttest.CreateContactTest -->
