<?xml version="1.0" encoding="UTF-8"?>
<!-- Generated by org.testng.reporters.JUnitReportReporter -->
<testsuite hostname="Nikhil" failures="0" tests="1" name="com.comcast.crm.contacttest.suite.ContactTest" time="12.732" errors="0" timestamp="05 Sep 2023 09:52:57 GMT" skipped="0">
  <testcase classname="com.comcast.crm.contacttest.suite.ContactTest" name="createContactTest" time="12.732"/>
</testsuite> <!-- com.comcast.crm.contacttest.suite.ContactTest -->
