<?xml version="1.0" encoding="UTF-8"?>
<!-- Generated by org.testng.reporters.JUnitReportReporter -->
<testsuite hostname="Nikhil" failures="0" tests="1" name="com.comcast.crm.contacttest.CreateContactTest" time="28.583" errors="0" timestamp="06 Sep 2023 11:00:40 GMT" skipped="0">
  <testcase classname="com.comcast.crm.contacttest.CreateContactTest" name="createContactTest" time="28.583"/>
</testsuite> <!-- com.comcast.crm.contacttest.CreateContactTest -->
