<?xml version="1.0" encoding="UTF-8"?>
<!-- Generated by org.testng.reporters.JUnitReportReporter -->
<testsuite hostname="Nikhil" failures="0" tests="3" name="com.comcast.crm.contacttest.suite.ContactTest" time="70.511" errors="0" timestamp="04 Sep 2023 12:20:51 GMT" skipped="0">
  <testcase classname="com.comcast.crm.contacttest.suite.ContactTest" name="createContactWithSupportDateTest" time="23.111"/>
  <testcase classname="com.comcast.crm.contacttest.suite.ContactTest" name="createContactTest" time="23.226"/>
  <testcase classname="com.comcast.crm.contacttest.suite.ContactTest" name="createContactWithOrganizationTest" time="24.174"/>
</testsuite> <!-- com.comcast.crm.contacttest.suite.ContactTest -->
