<?xml version="1.0" encoding="UTF-8"?>
<!-- Generated by org.testng.reporters.JUnitReportReporter -->
<testsuite hostname="Nikhil" failures="0" tests="3" name="com.comcast.crm.organizationtest.suite.OrganizationTest" time="68.898" errors="0" timestamp="04 Sep 2023 12:20:51 GMT" skipped="0">
  <testcase classname="com.comcast.crm.organizationtest.suite.OrganizationTest" name="createOrganizationWithIndustryTest" time="23.496"/>
  <testcase classname="com.comcast.crm.organizationtest.suite.OrganizationTest" name="createOrganizationWithPhoneTest" time="23.409"/>
  <testcase classname="com.comcast.crm.organizationtest.suite.OrganizationTest" name="createOrganizationTest" time="21.993"/>
</testsuite> <!-- com.comcast.crm.organizationtest.suite.OrganizationTest -->
