<?xml version="1.0" encoding="UTF-8"?>
<!-- Generated by org.testng.reporters.JUnitReportReporter -->
<testsuite hostname="Nikhil" failures="0" tests="1" name="com.comcast.crm.contacttest.CreateContactTest" time="12.520" errors="0" timestamp="05 Sep 2023 10:15:56 GMT" skipped="0">
  <testcase classname="com.comcast.crm.contacttest.CreateContactTest" name="createContactTest" time="12.520"/>
</testsuite> <!-- com.comcast.crm.contacttest.CreateContactTest -->
