<?xml version="1.0" encoding="UTF-8"?>
<!-- Generated by org.testng.reporters.JUnitXMLReporter -->
<testsuite ignored="0" hostname="Nikhil" failures="0" tests="3" name="Test-2" time="53.4" errors="0" timestamp="05 Sep 2023 09:43:59 GMT">
  <testcase classname="com.comcast.crm.organizationtest.suite.OrganizationTest" name="createOrganizationTest" time="10.963"/>
  <testcase classname="com.comcast.crm.organizationtest.suite.OrganizationTest" name="createOrganizationWithIndustryTest" time="11.701"/>
  <testcase classname="com.comcast.crm.organizationtest.suite.OrganizationTest" name="createOrganizationWithPhoneTest" time="11.935"/>
</testsuite> <!-- Test-2 -->
