<?xml version="1.0" encoding="UTF-8"?>
<!-- Generated by org.testng.reporters.JUnitXMLReporter -->
<testsuite ignored="0" hostname="Nikhil" failures="0" tests="3" name="Test-1" time="52.043" errors="0" timestamp="05 Sep 2023 09:43:58 GMT">
  <testcase classname="com.comcast.crm.contacttest.suite.ContactTest" name="createContactTest" time="9.866"/>
  <testcase classname="com.comcast.crm.contacttest.suite.ContactTest" name="createContactWithOrganizationTest" time="12.358"/>
  <testcase classname="com.comcast.crm.contacttest.suite.ContactTest" name="createContactWithSupportDateTest" time="11.072"/>
</testsuite> <!-- Test-1 -->
